# JRE version: OpenJDK Runtime Environment (21.0.8) (build 21.0.8+-14018985-b1038.68)
# Java VM: OpenJDK 64-Bit Server VM (21.0.8+-14018985-b1038.68, mixed mode, tiered, compressed oops, compressed class ptrs, g1 gc, windows-amd64)
GC Precious Log:
 CardTable entry size: 512
 Card Set container configuration: InlinePtr #cards 5 size 8 Array Of Cards #cards 12 size 40 Howl #buckets 4 coarsen threshold 1843 Howl Bitmap #cards 512 size 80 coarsen threshold 460 Card regions per heap region 1 cards per card region 2048
 CPUs: 12 total, 12 available
 Memory: 7835M
 Large Page Support: Disabled
 NUMA Support: Disabled
 Compressed Oops: Enabled (32-bit)
 Heap Region Size: 1M
 Heap Min Capacity: 8M
 Heap Initial Capacity: 124M
 Heap Max Capacity: 2G
 Pre-touch: Disabled
 Parallel Workers: 10
 Concurrent Workers: 3
 Concurrent Refinement Workers: 10
 Periodic GC: Disabled
Heap:
 garbage-first heap   total 79872K, used 40333K [0x0000000080000000, 0x0000000100000000)
  region size 1024K, 24 young (24576K), 6 survivors (6144K)
 Metaspace       used 31171K, committed 31744K, reserved 491520K
  class space    used 4173K, committed 4416K, reserved 425984K
GC Heap History (10 events):
Event: 0.610 GC heap before
{Heap before GC invocations=0 (full 0):
 garbage-first heap   total 126976K, used 22528K [0x0000000080000000, 0x0000000100000000)
  region size 1024K, 23 young (23552K), 0 survivors (0K)
 Metaspace       used 8073K, committed 8256K, reserved 491520K
  class space    used 746K, committed 832K, reserved 425984K
}
Event: 0.614 GC heap after
{Heap after GC invocations=1 (full 0):
 garbage-first heap   total 126976K, used 1824K [0x0000000080000000, 0x0000000100000000)
  region size 1024K, 2 young (2048K), 2 survivors (2048K)
 Metaspace       used 8073K, committed 8256K, reserved 491520K
  class space    used 746K, committed 832K, reserved 425984K
}
Event: 1.294 GC heap before
{Heap before GC invocations=1 (full 0):
 garbage-first heap   total 126976K, used 39712K [0x0000000080000000, 0x0000000100000000)
  region size 1024K, 37 young (37888K), 2 survivors (2048K)
 Metaspace       used 12294K, committed 12416K, reserved 491520K
  class space    used 1345K, committed 1408K, reserved 425984K
}
Event: 1.303 GC heap after
{Heap after GC invocations=2 (full 0):
 garbage-first heap   total 126976K, used 10843K [0x0000000080000000, 0x0000000100000000)
  region size 1024K, 5 young (5120K), 5 survivors (5120K)
 Metaspace       used 12294K, committed 12416K, reserved 491520K
  class space    used 1345K, committed 1408K, reserved 425984K
}
Event: 2.202 GC heap before
{Heap before GC invocations=2 (full 0):
 garbage-first heap   total 126976K, used 59995K [0x0000000080000000, 0x0000000100000000)
  region size 1024K, 52 young (53248K), 5 survivors (5120K)
 Metaspace       used 13251K, committed 13440K, reserved 491520K
  class space    used 1514K, committed 1600K, reserved 425984K
}
Event: 2.213 GC heap after
{Heap after GC invocations=3 (full 0):
 garbage-first heap   total 126976K, used 17177K [0x0000000080000000, 0x0000000100000000)
  region size 1024K, 5 young (5120K), 5 survivors (5120K)
 Metaspace       used 13251K, committed 13440K, reserved 491520K
  class space    used 1514K, committed 1600K, reserved 425984K
}
Event: 2.895 GC heap before
{Heap before GC invocations=3 (full 0):
 garbage-first heap   total 126976K, used 43801K [0x0000000080000000, 0x0000000100000000)
  region size 1024K, 32 young (32768K), 5 survivors (5120K)
 Metaspace       used 21188K, committed 21504K, reserved 491520K
  class space    used 2542K, committed 2688K, reserved 425984K
}
Event: 2.899 GC heap after
{Heap after GC invocations=4 (full 0):
 garbage-first heap   total 126976K, used 20278K [0x0000000080000000, 0x0000000100000000)
  region size 1024K, 8 young (8192K), 8 survivors (8192K)
 Metaspace       used 21188K, committed 21504K, reserved 491520K
  class space    used 2542K, committed 2688K, reserved 425984K
}
Event: 4.412 GC heap before
{Heap before GC invocations=5 (full 0):
 garbage-first heap   total 68608K, used 68406K [0x0000000080000000, 0x0000000100000000)
  region size 1024K, 55 young (56320K), 8 survivors (8192K)
 Metaspace       used 28909K, committed 29504K, reserved 491520K
  class space    used 3774K, committed 4032K, reserved 425984K
}
Event: 4.419 GC heap after
{Heap after GC invocations=6 (full 0):
 garbage-first heap   total 79872K, used 22925K [0x0000000080000000, 0x0000000100000000)
  region size 1024K, 6 young (6144K), 6 survivors (6144K)
 Metaspace       used 28909K, committed 29504K, reserved 491520K
  class space    used 3774K, committed 4032K, reserved 425984K
}

